<?xml version="1.0" encoding="UTF-8"?>
<testsuite xmlns:xsi="http://www.w3.org/2001/XMLSchema-instance" xsi:noNamespaceSchemaLocation="https://maven.apache.org/surefire/maven-surefire-plugin/xsd/surefire-test-report-3.0.xsd" version="3.0" name="TestCalculadora" time="0.077" tests="4" errors="0" skipped="0" failures="0">
  <properties>
[...]
</properties>
  <testcase name="TestSuma" classname="TestCalculadora" time="0.035"/>
  <testcase name="TestDivide" classname="TestCalculadora" time="0.002"/>
  <testcase name="TestMultiplica" classname="TestCalculadora" time="0.003"/>
  <testcase name="TestResta" classname="TestCalculadora" time="0.003"/>
</testsuite>